<?xml version="1.0" encoding="UTF-8"?>
<!-- Generated by org.testng.reporters.JUnitReportReporter -->
<testsuite hostname="LAPTOP-8RV38O9L" failures="0" tests="11" name="TestCase.LoginTestCase" time="40.825" errors="0" timestamp="2024-03-27T16:51:38 IST" skipped="0">
  <testcase classname="TestCase.LoginTestCase" name="LoginTestCase2" time="2.751"/>
  <testcase classname="TestCase.LoginTestCase" name="LoginTestCase11" time="3.940"/>
  <testcase classname="TestCase.LoginTestCase" name="LoginTestCase7" time="2.900"/>
  <testcase classname="TestCase.LoginTestCase" name="LoginTestCase4" time="2.451"/>
  <testcase classname="TestCase.LoginTestCase" name="LoginTestCase6" time="2.864"/>
  <testcase classname="TestCase.LoginTestCase" name="LoginTestCase9" time="3.801"/>
  <testcase classname="TestCase.LoginTestCase" name="LoginTestCase10" time="3.913"/>
  <testcase classname="TestCase.LoginTestCase" name="LoginTestCase8" time="3.770"/>
  <testcase classname="TestCase.LoginTestCase" name="LoginTestCase3" time="2.955"/>
  <testcase classname="TestCase.LoginTestCase" name="LoginTestCase1" time="3.209"/>
  <testcase classname="TestCase.LoginTestCase" name="LoginTestCase5" time="8.271"/>
</testsuite> <!-- TestCase.LoginTestCase -->
