<?xml version="1.0" encoding="UTF-8"?>
<!-- Generated by org.testng.reporters.JUnitReportReporter -->
<testsuite hostname="LAPTOP-8RV38O9L" failures="0" tests="14" name="TestCase.CartTestCase" time="65.689" errors="0" timestamp="2024-04-07T11:47:15 IST" skipped="0">
  <testcase classname="TestCase.CartTestCase" name="CartTestCase10" time="4.632"/>
  <testcase classname="TestCase.CartTestCase" name="CartTestCase9" time="4.270"/>
  <testcase classname="TestCase.CartTestCase" name="CartTestCase2" time="4.680"/>
  <testcase classname="TestCase.CartTestCase" name="CartTestCase12" time="5.008"/>
  <testcase classname="TestCase.CartTestCase" name="CartTestCase13" time="3.929"/>
  <testcase classname="TestCase.CartTestCase" name="CartTestCase6" time="4.808"/>
  <testcase classname="TestCase.CartTestCase" name="CartTestCase14" time="4.554"/>
  <testcase classname="TestCase.CartTestCase" name="CartTestCase4" time="4.468"/>
  <testcase classname="TestCase.CartTestCase" name="CartTestCase5" time="5.250"/>
  <testcase classname="TestCase.CartTestCase" name="CartTestCase8" time="4.544"/>
  <testcase classname="TestCase.CartTestCase" name="CartTestCase1" time="5.165"/>
  <testcase classname="TestCase.CartTestCase" name="CartTestCase3" time="4.624"/>
  <testcase classname="TestCase.CartTestCase" name="CartTestCase7" time="4.670"/>
  <testcase classname="TestCase.CartTestCase" name="CartTestCase11" time="5.087"/>
</testsuite> <!-- TestCase.CartTestCase -->
