<?xml version="1.0" encoding="UTF-8"?>
<!-- Generated by org.testng.reporters.JUnitReportReporter -->
<testsuite hostname="LAPTOP-8RV38O9L" failures="0" tests="2" name="TestCase.CheckoutCompleteTestCase" time="11.578" errors="0" timestamp="2024-03-27T16:51:38 IST" skipped="0">
  <testcase classname="TestCase.CheckoutCompleteTestCase" name="CheckOutCompleteTestCase2" time="6.013"/>
  <testcase classname="TestCase.CheckoutCompleteTestCase" name="CheckOutCompleteTestCase1" time="5.565"/>
</testsuite> <!-- TestCase.CheckoutCompleteTestCase -->
