<?xml version="1.0" encoding="UTF-8"?>
<!-- Generated by org.testng.reporters.JUnitReportReporter -->
<testsuite hostname="LAPTOP-8RV38O9L" failures="0" tests="11" name="TestCase.LoginTestCase" time="43.644" errors="0" timestamp="2024-04-07T11:47:15 IST" skipped="0">
  <testcase classname="TestCase.LoginTestCase" name="LoginTestCase10" time="5.108"/>
  <testcase classname="TestCase.LoginTestCase" name="LoginTestCase4" time="2.487"/>
  <testcase classname="TestCase.LoginTestCase" name="LoginTestCase7" time="3.003"/>
  <testcase classname="TestCase.LoginTestCase" name="LoginTestCase6" time="2.997"/>
  <testcase classname="TestCase.LoginTestCase" name="LoginTestCase11" time="4.150"/>
  <testcase classname="TestCase.LoginTestCase" name="LoginTestCase5" time="7.997"/>
  <testcase classname="TestCase.LoginTestCase" name="LoginTestCase8" time="3.857"/>
  <testcase classname="TestCase.LoginTestCase" name="LoginTestCase1" time="3.013"/>
  <testcase classname="TestCase.LoginTestCase" name="LoginTestCase3" time="3.142"/>
  <testcase classname="TestCase.LoginTestCase" name="LoginTestCase2" time="3.856"/>
  <testcase classname="TestCase.LoginTestCase" name="LoginTestCase9" time="4.034"/>
</testsuite> <!-- TestCase.LoginTestCase -->
