<?xml version="1.0" encoding="UTF-8"?>
<!-- Generated by org.testng.reporters.JUnitReportReporter -->
<testsuite hostname="LAPTOP-8RV38O9L" failures="0" tests="14" name="TestCase.CartTestCase" time="62.699" errors="0" timestamp="2024-03-27T16:51:38 IST" skipped="0">
  <testcase classname="TestCase.CartTestCase" name="CartTestCase6" time="4.202"/>
  <testcase classname="TestCase.CartTestCase" name="CartTestCase1" time="4.078"/>
  <testcase classname="TestCase.CartTestCase" name="CartTestCase14" time="4.101"/>
  <testcase classname="TestCase.CartTestCase" name="CartTestCase3" time="4.766"/>
  <testcase classname="TestCase.CartTestCase" name="CartTestCase11" time="4.172"/>
  <testcase classname="TestCase.CartTestCase" name="CartTestCase8" time="4.630"/>
  <testcase classname="TestCase.CartTestCase" name="CartTestCase9" time="4.810"/>
  <testcase classname="TestCase.CartTestCase" name="CartTestCase7" time="4.825"/>
  <testcase classname="TestCase.CartTestCase" name="CartTestCase13" time="4.606"/>
  <testcase classname="TestCase.CartTestCase" name="CartTestCase4" time="4.643"/>
  <testcase classname="TestCase.CartTestCase" name="CartTestCase5" time="4.187"/>
  <testcase classname="TestCase.CartTestCase" name="CartTestCase10" time="4.324"/>
  <testcase classname="TestCase.CartTestCase" name="CartTestCase2" time="4.411"/>
  <testcase classname="TestCase.CartTestCase" name="CartTestCase12" time="4.944"/>
</testsuite> <!-- TestCase.CartTestCase -->
