<?xml version="1.0" encoding="UTF-8"?>
<!-- Generated by org.testng.reporters.JUnitReportReporter -->
<testsuite hostname="LAPTOP-8RV38O9L" failures="0" tests="3" name="TestCase.CheckOutTestCase" time="15.366" errors="0" timestamp="2024-04-07T11:47:15 IST" skipped="0">
  <testcase classname="TestCase.CheckOutTestCase" name="CheckOutTestCase2" time="5.334"/>
  <testcase classname="TestCase.CheckOutTestCase" name="CheckOutTestCase3" time="5.095"/>
  <testcase classname="TestCase.CheckOutTestCase" name="CheckOutTestCase1" time="4.937"/>
</testsuite> <!-- TestCase.CheckOutTestCase -->
