<?xml version="1.0" encoding="UTF-8"?>
<!-- Generated by org.testng.reporters.JUnitReportReporter -->
<testsuite hostname="LAPTOP-8RV38O9L" failures="0" tests="3" name="TestCase.CheckOutTestCase" time="14.934" errors="0" timestamp="2024-03-27T16:51:38 IST" skipped="0">
  <testcase classname="TestCase.CheckOutTestCase" name="CheckOutTestCase3" time="5.631"/>
  <testcase classname="TestCase.CheckOutTestCase" name="CheckOutTestCase1" time="4.660"/>
  <testcase classname="TestCase.CheckOutTestCase" name="CheckOutTestCase2" time="4.643"/>
</testsuite> <!-- TestCase.CheckOutTestCase -->
