<?xml version="1.0" encoding="UTF-8"?>
<!-- Generated by org.testng.reporters.JUnitReportReporter -->
<testsuite hostname="LAPTOP-8RV38O9L" failures="0" tests="2" name="TestCase.CheckoutCompleteTestCase" time="12.446" errors="0" timestamp="2024-04-07T11:47:15 IST" skipped="0">
  <testcase classname="TestCase.CheckoutCompleteTestCase" name="CheckOutCompleteTestCase1" time="5.351"/>
  <testcase classname="TestCase.CheckoutCompleteTestCase" name="CheckOutCompleteTestCase2" time="7.095"/>
</testsuite> <!-- TestCase.CheckoutCompleteTestCase -->
